TN:
SF:src/STRTokenReceipt.sol
FN:20,STRTokenReceipt.mint
FNDA:26,STRTokenReceipt.mint
DA:21,25
FN:24,STRTokenReceipt.burn
FNDA:4,STRTokenReceipt.burn
DA:25,3
FN:30,STRTokenReceipt.grantMintRole
FNDA:26,STRTokenReceipt.grantMintRole
DA:31,26
FN:34,STRTokenReceipt.grantBurnRole
FNDA:26,STRTokenReceipt.grantBurnRole
DA:35,26
FN:38,STRTokenReceipt.revokeMintRole
FNDA:0,STRTokenReceipt.revokeMintRole
DA:39,0
FN:42,STRTokenReceipt.revokeBurnRole
FNDA:0,STRTokenReceipt.revokeBurnRole
DA:43,0
FNF:6
FNH:4
LF:6
LH:4
BRF:0
BRH:0
end_of_record
TN:
SF:src/STZLock.sol
FN:101,STZLock.lock
FNDA:24,STZLock.lock
DA:102,22
DA:104,22
BRDA:104,0,0,22
BRDA:104,0,1,22
DA:106,22
DA:107,22
DA:108,22
DA:110,22
DA:112,22
DA:114,22
FN:117,STZLock.unlock
FNDA:13,STZLock.unlock
DA:118,9
DA:119,9
DA:120,9
FN:123,STZLock.redeem
FNDA:7,STZLock.redeem
DA:124,2
DA:126,2
DA:127,2
DA:128,2
DA:130,2
DA:132,2
DA:133,2
FN:136,STZLock.emergencyWithdraw
FNDA:2,STZLock.emergencyWithdraw
DA:137,1
DA:138,1
DA:139,1
DA:140,1
DA:142,1
FN:145,STZLock.pause
FNDA:2,STZLock.pause
DA:146,2
FN:149,STZLock.unpause
FNDA:1,STZLock.unpause
DA:150,1
FN:153,STZLock.addSTZAsRewards
FNDA:8,STZLock.addSTZAsRewards
DA:154,8
BRDA:154,1,0,8
BRDA:154,1,1,8
DA:155,8
DA:156,8
DA:158,8
FN:162,STZLock.addWETHAsRewards
FNDA:8,STZLock.addWETHAsRewards
DA:163,8
BRDA:163,2,0,8
BRDA:163,2,1,8
DA:164,8
DA:165,8
DA:167,8
FN:171,STZLock.claimSTZRewards
FNDA:4,STZLock.claimSTZRewards
DA:172,4
DA:173,4
BRDA:173,3,0,1
BRDA:173,3,1,3
DA:174,4
DA:175,4
BRDA:175,4,0,1
BRDA:175,4,1,3
DA:177,3
DA:178,3
DA:179,3
DA:180,3
DA:182,3
DA:183,3
DA:185,3
FN:189,STZLock.claimWETHRewards
FNDA:4,STZLock.claimWETHRewards
DA:190,4
DA:191,4
BRDA:191,5,0,1
BRDA:191,5,1,3
DA:192,4
DA:193,4
BRDA:193,6,0,1
BRDA:193,6,1,3
DA:195,3
DA:196,3
DA:197,3
DA:198,3
DA:200,3
DA:201,3
DA:203,3
FN:207,STZLock.calculateSTZRewards
FNDA:11,STZLock.calculateSTZRewards
DA:208,39
DA:209,39
DA:211,39
BRDA:211,7,0,3
BRDA:211,7,1,36
DA:212,3
DA:213,36
BRDA:213,8,0,31
BRDA:213,8,1,36
DA:214,31
DA:217,39
DA:218,39
DA:220,39
BRDA:220,9,0,28
BRDA:220,9,1,11
DA:221,28
DA:224,11
DA:225,11
DA:226,11
DA:227,11
DA:229,11
FN:232,STZLock.calculateWETHRewards
FNDA:11,STZLock.calculateWETHRewards
DA:233,39
DA:234,39
DA:236,39
BRDA:236,10,0,3
BRDA:236,10,1,36
DA:237,3
DA:238,36
BRDA:238,11,0,31
BRDA:238,11,1,36
DA:239,31
DA:242,39
DA:243,39
DA:245,39
BRDA:245,12,0,28
BRDA:245,12,1,11
DA:246,28
DA:249,11
DA:250,11
DA:251,11
DA:252,11
DA:254,11
FN:257,STZLock.updateRewards
FNDA:24,STZLock.updateRewards
DA:258,24
DA:259,24
DA:260,24
DA:262,24
DA:263,24
FNF:13
FNH:13
LF:90
LH:90
BRF:26
BRH:26
end_of_record
