TN:
SF:src/STRTokenReceipt.sol
FN:20,STRTokenReceipt.mint
FNDA:6,STRTokenReceipt.mint
DA:21,5
FN:24,STRTokenReceipt.burn
FNDA:3,STRTokenReceipt.burn
DA:25,2
FN:30,STRTokenReceipt.grantMintRole
FNDA:0,STRTokenReceipt.grantMintRole
DA:31,0
FN:34,STRTokenReceipt.grantBurnRole
FNDA:0,STRTokenReceipt.grantBurnRole
DA:35,0
FN:38,STRTokenReceipt.revokeMintRole
FNDA:0,STRTokenReceipt.revokeMintRole
DA:39,0
FN:42,STRTokenReceipt.revokeBurnRole
FNDA:0,STRTokenReceipt.revokeBurnRole
DA:43,0
FNF:6
FNH:2
LF:6
LH:2
BRF:0
BRH:0
end_of_record
TN:
SF:src/STZLock.sol
FN:25,STZLock.lock
FNDA:2,STZLock.lock
DA:26,2
DA:27,2
DA:29,2
DA:30,2
DA:32,2
FN:35,STZLock.unlock
FNDA:1,STZLock.unlock
DA:36,1
DA:37,1
DA:39,1
DA:40,1
DA:42,1
FNF:2
FNH:2
LF:10
LH:10
BRF:0
BRH:0
end_of_record
TN:
SF:src/STZToken.sol
FN:20,STZToken.mint
FNDA:5,STZToken.mint
DA:21,4
FN:24,STZToken.burn
FNDA:4,STZToken.burn
DA:25,3
FN:30,STZToken.grantMintRole
FNDA:0,STZToken.grantMintRole
DA:31,0
FN:34,STZToken.grantBurnRole
FNDA:0,STZToken.grantBurnRole
DA:35,0
FN:38,STZToken.revokeMintRole
FNDA:0,STZToken.revokeMintRole
DA:39,0
FN:42,STZToken.revokeBurnRole
FNDA:0,STZToken.revokeBurnRole
DA:43,0
FNF:6
FNH:2
LF:6
LH:2
BRF:0
BRH:0
end_of_record
